Repository: /Users/akshankrithick/projects/httpx
Source dir: httpx
Tests dir:  tests

=== Phase 1: Discovering mutation candidates ===
Found 23 Python source files in httpx
  No test file found for httpx/__init__.py, skipping
  httpx/_api.py: 25 candidates
  httpx/_auth.py: 21 candidates
  httpx/_client.py: 30 candidates
  httpx/_config.py: 30 candidates
  httpx/_content.py: 28 candidates
  httpx/_decoders.py: 30 candidates
  httpx/_exceptions.py: 2 candidates
  httpx/_main.py: 30 candidates
  httpx/_models.py: 30 candidates
  httpx/_multipart.py: 30 candidates
  httpx/_status_codes.py: 12 candidates
  httpx/_transports/asgi.py: 25 candidates
  No test file found for httpx/_transports/base.py, skipping
  httpx/_transports/default.py: 15 candidates
  httpx/_transports/mock.py: 2 candidates
  httpx/_transports/wsgi.py: 18 candidates
  No test file found for httpx/_types.py, skipping
  httpx/_urlparse.py: 30 candidates
  No test file found for httpx/_urls.py, skipping
  httpx/_utils.py: 30 candidates

Discovered 388 mutation candidates in 0.1s

=== Phase 2: Testing 388 mutations ===
  [1/388] httpx/_api.py:63 (boolean_flip)
    Checking clean tests: /Users/akshankrithick/projects/httpx/.venv/bin/python -m pytest tests/test_api.py -x
    SKIP: tests fail on clean code (rc=-1)
    SKIP: tests fail on clean code for /Users/akshankrithick/projects/httpx/.venv/bin/python -m pytest tests/test_api.py -x
  [2/388] httpx/_api.py:65 (membership_swap)
    SKIP: tests fail on clean code for /Users/akshankrithick/projects/httpx/.venv/bin/python -m pytest tests/test_api.py -x
  [3/388] httpx/_api.py:66 (boolean_flip)
    SKIP: tests fail on clean code for /Users/akshankrithick/projects/httpx/.venv/bin/python -m pytest tests/test_api.py -x
  [4/388] httpx/_api.py:67 (membership_swap)
    SKIP: tests fail on clean code for /Users/akshankrithick/projects/httpx/.venv/bin/python -m pytest tests/test_api.py -x
  [5/388] httpx/_api.py:68 (boolean_flip)
    SKIP: tests fail on clean code for /Users/akshankrithick/projects/httpx/.venv/bin/python -m pytest tests/test_api.py -x
  [6/388] httpx/_api.py:69 (membership_swap)
    SKIP: tests fail on clean code for /Users/akshankrithick/projects/httpx/.venv/bin/python -m pytest tests/test_api.py -x
  [7/388] httpx/_api.py:71 (membership_swap)
    SKIP: tests fail on clean code for /Users/akshankrithick/projects/httpx/.venv/bin/python -m pytest tests/test_api.py -x
  [8/388] httpx/_api.py:73 (membership_swap)
    SKIP: tests fail on clean code for /Users/akshankrithick/projects/httpx/.venv/bin/python -m pytest tests/test_api.py -x
  [9/388] httpx/_api.py:75 (membership_swap)
    SKIP: tests fail on clean code for /Users/akshankrithick/projects/httpx/.venv/bin/python -m pytest tests/test_api.py -x
  [10/388] httpx/_api.py:77 (membership_swap)
    SKIP: tests fail on clean code for /Users/akshankrithick/projects/httpx/.venv/bin/python -m pytest tests/test_api.py -x
  [11/388] httpx/_api.py:84 (boolean_flip)
    SKIP: tests fail on clean code for /Users/akshankrithick/projects/httpx/.venv/bin/python -m pytest tests/test_api.py -x
  [12/388] httpx/_api.py:85 (value_swap)
    SKIP: tests fail on clean code for /Users/akshankrithick/projects/httpx/.venv/bin/python -m pytest tests/test_api.py -x
  [13/388] httpx/_api.py:86 (boolean_flip)
    SKIP: tests fail on clean code for /Users/akshankrithick/projects/httpx/.venv/bin/python -m pytest tests/test_api.py -x
  [14/388] httpx/_api.py:88 (boolean_flip)
    SKIP: tests fail on clean code for /Users/akshankrithick/projects/httpx/.venv/bin/python -m pytest tests/test_api.py -x
  [15/388] httpx/_api.py:99 (comparison_swap)
    SKIP: tests fail on clean code for /Users/akshankrithick/projects/httpx/.venv/bin/python -m pytest tests/test_api.py -x
  [16/388] httpx/_api.py:148 (constant_mutation)
    SKIP: tests fail on clean code for /Users/akshankrithick/projects/httpx/.venv/bin/python -m pytest tests/test_api.py -x
  [17/388] httpx/_api.py:150 (constant_mutation)
    SKIP: tests fail on clean code for /Users/akshankrithick/projects/httpx/.venv/bin/python -m pytest tests/test_api.py -x
  [18/388] httpx/_api.py:192 (boolean_flip)
    SKIP: tests fail on clean code for /Users/akshankrithick/projects/httpx/.venv/bin/python -m pytest tests/test_api.py -x
  [19/388] httpx/_api.py:193 (condition_inversion)
    SKIP: tests fail on clean code for /Users/akshankrithick/projects/httpx/.venv/bin/python -m pytest tests/test_api.py -x
  [20/388] httpx/_api.py:228 (boolean_flip)
    SKIP: tests fail on clean code for /Users/akshankrithick/projects/httpx/.venv/bin/python -m pytest tests/test_api.py -x
  [21/388] httpx/_api.py:229 (condition_inversion)
    SKIP: tests fail on clean code for /Users/akshankrithick/projects/httpx/.venv/bin/python -m pytest tests/test_api.py -x
  [22/388] httpx/_api.py:264 (boolean_flip)
    SKIP: tests fail on clean code for /Users/akshankrithick/projects/httpx/.venv/bin/python -m pytest tests/test_api.py -x
  [23/388] httpx/_api.py:265 (condition_inversion)
    SKIP: tests fail on clean code for /Users/akshankrithick/projects/httpx/.venv/bin/python -m pytest tests/test_api.py -x
  [24/388] httpx/_api.py:423 (boolean_flip)
    SKIP: tests fail on clean code for /Users/akshankrithick/projects/httpx/.venv/bin/python -m pytest tests/test_api.py -x
  [25/388] httpx/_api.py:424 (condition_inversion)
    SKIP: tests fail on clean code for /Users/akshankrithick/projects/httpx/.venv/bin/python -m pytest tests/test_api.py -x
  [26/388] httpx/_auth.py:55 (boolean_flip)
    Checking clean tests: /Users/akshankrithick/projects/httpx/.venv/bin/python -m pytest tests/test_auth.py -x
    SURVIVED -- mutation not detected
  [27/388] httpx/_auth.py:69 (boolean_flip)
    KILLED (rc=4)
  [28/388] httpx/_auth.py:77 (value_swap)
    KILLED (rc=1)
  [29/388] httpx/_auth.py:94 (boolean_flip)
    SURVIVED -- mutation not detected
  [30/388] httpx/_auth.py:102 (value_swap)
    SURVIVED -- mutation not detected
  [31/388] httpx/_auth.py:159 (none_check_swap)
    SURVIVED -- mutation not detected
  [32/388] httpx/_auth.py:165 (constant_mutation)
    SURVIVED -- mutation not detected
  [33/388] httpx/_auth.py:201 (comparison_swap)
    KILLED (rc=1)
  [34/388] httpx/_auth.py:206 (membership_swap)
    KILLED (rc=4)
  [35/388] httpx/_auth.py:215 (constant_mutation)
    KILLED (rc=1)
  [36/388] httpx/_auth.py:235 (comparison_swap)
    KILLED (rc=1)
  [37/388] httpx/_auth.py:238 (membership_swap)
    KILLED (rc=4)
  [38/388] httpx/_auth.py:239 (constant_mutation)
    KILLED (rc=1)
  [39/388] httpx/_auth.py:272 (constant_mutation)
    KILLED (rc=1)
  [40/388] httpx/_auth.py:279 (none_check_swap)
    KILLED (rc=1)
  [41/388] httpx/_auth.py:307 (constant_mutation)
    SURVIVED -- mutation not detected
  [42/388] httpx/_auth.py:309 (constant_mutation)
    SURVIVED -- mutation not detected
  [43/388] httpx/_auth.py:318 (comparison_swap)
    KILLED (rc=1)
  [44/388] httpx/_auth.py:322 (membership_swap)
    KILLED (rc=1)
  [45/388] httpx/_auth.py:330 (none_check_swap)
    KILLED (rc=1)
  [46/388] httpx/_auth.py:336 (comparison_swap)
    SURVIVED -- mutation not detected
  [47/388] httpx/_client.py:66 (comparison_swap)
    Checking clean tests: /Users/akshankrithick/projects/httpx/.venv/bin/python -m pytest tests/client/test_client.py -x
    SURVIVED -- mutation not detected
  [48/388] httpx/_client.py:67 (value_swap)
    SURVIVED -- mutation not detected
  [49/388] httpx/_client.py:70 (comparison_swap)
    SURVIVED -- mutation not detected
  [50/388] httpx/_client.py:71 (comparison_swap)
    SURVIVED -- mutation not detected
  [51/388] httpx/_client.py:72 (comparison_swap)
    SURVIVED -- mutation not detected
  [52/388] httpx/_client.py:73 (comparison_swap)
    SURVIVED -- mutation not detected
  [53/388] httpx/_client.py:78 (none_check_swap)
    SURVIVED -- mutation not detected
  [54/388] httpx/_client.py:80 (constant_mutation)
    SKIP: could not apply mutation
  [55/388] httpx/_client.py:88 (comparison_swap)
    SURVIVED -- mutation not detected
  [56/388] httpx/_client.py:89 (comparison_swap)
    SURVIVED -- mutation not detected
  [57/388] httpx/_client.py:90 (comparison_swap)
    SURVIVED -- mutation not detected
  [58/388] httpx/_client.py:153 (membership_swap)
    KILLED (rc=4)
  [59/388] httpx/_client.py:176 (membership_swap)
    KILLED (rc=4)
  [60/388] httpx/_client.py:204 (none_check_swap)
    KILLED (rc=1)
  [61/388] httpx/_client.py:228 (comparison_swap)
    KILLED (rc=1)
  [62/388] httpx/_client.py:237 (arithmetic_swap)
    KILLED (rc=1)
  [63/388] httpx/_client.py:242 (none_check_swap)
    SURVIVED -- mutation not detected
  [64/388] httpx/_client.py:245 (none_check_swap)
    SURVIVED -- mutation not detected
  [65/388] httpx/_client.py:246 (membership_swap)
    KILLED (rc=4)
  [66/388] httpx/_client.py:248 (return_value_swap)
    KILLED (rc=1)
  [67/388] httpx/_client.py:250 (condition_inversion)
    SURVIVED -- mutation not detected
  [68/388] httpx/_client.py:277 (constant_mutation)
    SURVIVED -- mutation not detected
  [69/388] httpx/_client.py:279 (constant_mutation)
    KILLED (rc=1)
  [70/388] httpx/_client.py:332 (membership_swap)
    SURVIVED -- mutation not detected
  [71/388] httpx/_client.py:356 (boolean_flip)
    SURVIVED -- mutation not detected
  [72/388] httpx/_client.py:358 (boolean_flip)
    SURVIVED -- mutation not detected
  [73/388] httpx/_client.py:362 (constant_mutation)
    SURVIVED -- mutation not detected
  [74/388] httpx/_client.py:364 (constant_mutation)
    SURVIVED -- mutation not detected
  [75/388] httpx/_client.py:370 (none_check_swap)
    KILLED (rc=1)
  [76/388] httpx/_client.py:371 (membership_swap)
    SURVIVED -- mutation not detected
  [77/388] httpx/_config.py:33 (value_swap)
    Checking clean tests: /Users/akshankrithick/projects/httpx/.venv/bin/python -m pytest tests/test_config.py -x
    KILLED (rc=1)
  [78/388] httpx/_config.py:34 (boolean_flip)
    KILLED (rc=1)
  [79/388] httpx/_config.py:36 (boolean_flip)
    KILLED (rc=1)
  [80/388] httpx/_config.py:41 (value_swap)
    KILLED (rc=1)
  [81/388] httpx/_config.py:43 (value_swap)
    KILLED (rc=1)
  [82/388] httpx/_config.py:45 (condition_inversion)
    KILLED (rc=1)
  [83/388] httpx/_config.py:64 (condition_inversion)
    SURVIVED -- mutation not detected
  [84/388] httpx/_config.py:95 (condition_inversion)
    KILLED (rc=4)
  [85/388] httpx/_config.py:105 (condition_inversion)
    KILLED (rc=4)
  [86/388] httpx/_config.py:107 (constant_mutation)
    KILLED (rc=-1)
  [87/388] httpx/_config.py:108 (constant_mutation)
    KILLED (rc=1)
  [88/388] httpx/_config.py:109 (comparison_swap)
    SURVIVED -- mutation not detected
  [89/388] httpx/_config.py:110 (comparison_swap)
    KILLED (rc=1)
  [90/388] httpx/_config.py:112 (condition_inversion)
    KILLED (rc=1)
  [91/388] httpx/_config.py:113 (boolean_flip)
    SURVIVED -- mutation not detected
  [92/388] httpx/_config.py:114 (boolean_flip)
    SURVIVED -- mutation not detected
  [93/388] httpx/_config.py:115 (boolean_flip)
    SURVIVED -- mutation not detected
  [94/388] httpx/_config.py:122 (condition_inversion)
    KILLED (rc=4)
  [95/388] httpx/_config.py:127 (condition_inversion)
    KILLED (rc=1)
  [96/388] httpx/_config.py:128 (condition_inversion)
    KILLED (rc=1)
  [97/388] httpx/_config.py:129 (condition_inversion)
    KILLED (rc=4)
  [98/388] httpx/_config.py:130 (condition_inversion)
    KILLED (rc=1)
  [99/388] httpx/_config.py:142 (condition_inversion)
    KILLED (rc=1)
  [100/388] httpx/_config.py:143 (comparison_swap)
    KILLED (rc=1)
  [101/388] httpx/_config.py:144 (comparison_swap)
    KILLED (rc=1)
  [102/388] httpx/_config.py:145 (comparison_swap)
    KILLED (rc=1)
  [103/388] httpx/_config.py:146 (comparison_swap)
    KILLED (rc=1)
  [104/388] httpx/_config.py:151 (comparison_swap)
    KILLED (rc=1)
  [105/388] httpx/_config.py:186 (condition_inversion)
    KILLED (rc=1)
  [106/388] httpx/_config.py:187 (comparison_swap)
    KILLED (rc=1)
  [107/388] httpx/_content.py:51 (boolean_flip)
    Checking clean tests: /Users/akshankrithick/projects/httpx/.venv/bin/python -m pytest tests/test_content.py -x
    KILLED (rc=1)
  [108/388] httpx/_content.py:54 (value_swap)
    KILLED (rc=1)
  [109/388] httpx/_content.py:63 (membership_swap)
    KILLED (rc=4)
  [110/388] httpx/_content.py:76 (boolean_flip)
    KILLED (rc=1)
  [111/388] httpx/_content.py:79 (value_swap)
    KILLED (rc=1)
  [112/388] httpx/_content.py:88 (membership_swap)
    KILLED (rc=4)
  [113/388] httpx/_content.py:110 (condition_inversion)
    KILLED (rc=1)
  [114/388] httpx/_content.py:111 (condition_inversion)
    KILLED (rc=1)
  [115/388] httpx/_content.py:116 (boolean_flip)
    KILLED (rc=1)
  [116/388] httpx/_content.py:123 (none_check_swap)
    KILLED (rc=1)
  [117/388] httpx/_content.py:129 (condition_inversion)
    KILLED (rc=1)
  [118/388] httpx/_content.py:140 (membership_swap)
    KILLED (rc=4)
  [119/388] httpx/_content.py:141 (condition_inversion)
    KILLED (rc=1)
  [120/388] httpx/_content.py:142 (membership_swap)
    KILLED (rc=4)
  [121/388] httpx/_content.py:145 (value_swap)
    SURVIVED -- mutation not detected
  [122/388] httpx/_content.py:178 (value_swap)
    KILLED (rc=1)
  [123/388] httpx/_content.py:194 (boolean_flip)
    SURVIVED -- mutation not detected
  [124/388] httpx/_content.py:195 (comparison_swap)
    SURVIVED -- mutation not detected
  [125/388] httpx/_content.py:197 (none_check_swap)
    KILLED (rc=1)
  [126/388] httpx/_content.py:206 (constant_mutation)
    SURVIVED -- mutation not detected
  [127/388] httpx/_content.py:209 (none_check_swap)
    KILLED (rc=1)
  [128/388] httpx/_content.py:212 (boolean_flip)
    KILLED (rc=1)
  [129/388] httpx/_content.py:215 (none_check_swap)
    KILLED (rc=1)
  [130/388] httpx/_content.py:229 (comparison_swap)
    SURVIVED -- mutation not detected
  [131/388] httpx/_content.py:231 (none_check_swap)
    KILLED (rc=1)
  [132/388] httpx/_content.py:233 (none_check_swap)
    KILLED (rc=1)
  [133/388] httpx/_content.py:235 (none_check_swap)
    KILLED (rc=1)
  [134/388] httpx/_content.py:237 (none_check_swap)
    KILLED (rc=1)
  [135/388] httpx/_decoders.py:69 (value_swap)
    Checking clean tests: /Users/akshankrithick/projects/httpx/.venv/bin/python -m pytest tests/test_decoders.py -x
    KILLED (rc=1)
  [136/388] httpx/_decoders.py:93 (constant_mutation)
    SURVIVED -- mutation not detected
  [137/388] httpx/_decoders.py:119 (none_check_swap)
    KILLED (rc=1)
  [138/388] httpx/_decoders.py:137 (condition_inversion)
    KILLED (rc=1)
  [139/388] httpx/_decoders.py:139 (value_swap)
    SURVIVED -- mutation not detected
  [140/388] httpx/_decoders.py:146 (condition_inversion)
    SURVIVED -- mutation not detected
  [141/388] httpx/_decoders.py:171 (none_check_swap)
    KILLED (rc=1)
  [142/388] httpx/_decoders.py:181 (none_check_swap)
    KILLED (rc=1)
  [143/388] httpx/_decoders.py:182 (value_swap)
    SURVIVED -- mutation not detected
  [144/388] httpx/_decoders.py:186 (boolean_flip)
    KILLED (rc=1)
  [145/388] httpx/_decoders.py:195 (condition_inversion)
    KILLED (rc=1)
  [146/388] httpx/_decoders.py:198 (condition_inversion)
    KILLED (rc=1)
  [147/388] httpx/_decoders.py:210 (membership_swap)
    SURVIVED -- mutation not detected
  [148/388] httpx/_decoders.py:217 (membership_swap)
    KILLED (rc=4)
  [149/388] httpx/_decoders.py:223 (membership_swap)
    KILLED (rc=4)
  [150/388] httpx/_decoders.py:224 (arithmetic_swap)
    KILLED (rc=1)
  [151/388] httpx/_decoders.py:238 (none_check_swap)
    KILLED (rc=1)
  [152/388] httpx/_decoders.py:242 (comparison_swap)
    SURVIVED -- mutation not detected
  [153/388] httpx/_decoders.py:245 (arithmetic_swap)
    SURVIVED -- mutation not detected
  [154/388] httpx/_decoders.py:246 (membership_swap)
    KILLED (rc=4)
  [155/388] httpx/_decoders.py:248 (comparison_swap)
    SURVIVED -- mutation not detected
  [156/388] httpx/_decoders.py:249 (constant_mutation)
    SURVIVED -- mutation not detected
  [157/388] httpx/_decoders.py:253 (constant_mutation)
    SURVIVED -- mutation not detected
  [158/388] httpx/_decoders.py:254 (constant_mutation)
    SURVIVED -- mutation not detected
  [159/388] httpx/_decoders.py:256 (constant_mutation)
    SURVIVED -- mutation not detected
  [160/388] httpx/_decoders.py:258 (return_value_swap)
    SURVIVED -- mutation not detected
  [161/388] httpx/_decoders.py:262 (constant_mutation)
    SURVIVED -- mutation not detected
  [162/388] httpx/_decoders.py:277 (none_check_swap)
    KILLED (rc=1)
  [163/388] httpx/_decoders.py:281 (comparison_swap)
    SURVIVED -- mutation not detected
  [164/388] httpx/_decoders.py:284 (arithmetic_swap)
    SURVIVED -- mutation not detected
  [165/388] httpx/_exceptions.py:98 (none_check_swap)
    Checking clean tests: /Users/akshankrithick/projects/httpx/.venv/bin/python -m pytest tests/test_exceptions.py -x
    KILLED (rc=1)
  [166/388] httpx/_exceptions.py:375 (none_check_swap)
    SURVIVED -- mutation not detected
  [167/388] httpx/_main.py:38 (value_swap)
    Checking clean tests: /Users/akshankrithick/projects/httpx/.venv/bin/python -m pytest tests/test_main.py -x
    SURVIVED -- mutation not detected
  [168/388] httpx/_main.py:39 (value_swap)
    SURVIVED -- mutation not detected
  [169/388] httpx/_main.py:105 (none_check_swap)
    KILLED (rc=1)
  [170/388] httpx/_main.py:119 (membership_swap)
    KILLED (rc=4)
  [171/388] httpx/_main.py:124 (membership_swap)
    KILLED (rc=4)
  [172/388] httpx/_main.py:138 (none_check_swap)
    SURVIVED -- mutation not detected
  [173/388] httpx/_main.py:142 (membership_swap)
    KILLED (rc=4)
  [174/388] httpx/_main.py:150 (value_swap)
    SURVIVED -- mutation not detected
  [175/388] httpx/_main.py:152 (value_swap)
    SURVIVED -- mutation not detected
  [176/388] httpx/_main.py:164 (value_swap)
    SURVIVED -- mutation not detected
  [177/388] httpx/_main.py:166 (value_swap)
    SURVIVED -- mutation not detected
  [178/388] httpx/_main.py:174 (comparison_swap)
    KILLED (rc=1)
  [179/388] httpx/_main.py:177 (constant_mutation)
    SURVIVED -- mutation not detected
  [180/388] httpx/_main.py:183 (value_swap)
    SURVIVED -- mutation not detected
  [181/388] httpx/_main.py:196 (membership_swap)
    KILLED (rc=4)
  [182/388] httpx/_main.py:197 (condition_inversion)
    SURVIVED -- mutation not detected
  [183/388] httpx/_main.py:199 (membership_swap)
    KILLED (rc=4)
  [184/388] httpx/_main.py:201 (membership_swap)
    KILLED (rc=4)
  [185/388] httpx/_main.py:203 (comparison_swap)
    SURVIVED -- mutation not detected
  [186/388] httpx/_main.py:216 (comparison_swap)
    KILLED (rc=1)
  [187/388] httpx/_main.py:219 (comparison_swap)
    KILLED (rc=1)
  [188/388] httpx/_main.py:223 (comparison_swap)
    KILLED (rc=1)
  [189/388] httpx/_main.py:235 (comparison_swap)
    KILLED (rc=1)
  [190/388] httpx/_main.py:237 (value_swap)
    KILLED (rc=1)
  [191/388] httpx/_main.py:238 (comparison_swap)
    KILLED (rc=1)
  [192/388] httpx/_main.py:240 (value_swap)
    SURVIVED -- mutation not detected
  [193/388] httpx/_main.py:241 (comparison_swap)
    KILLED (rc=1)
  [194/388] httpx/_main.py:244 (comparison_swap)
    KILLED (rc=1)
  [195/388] httpx/_main.py:265 (boolean_flip)
    KILLED (rc=1)
  [196/388] httpx/_main.py:266 (none_check_swap)
    SURVIVED -- mutation not detected
  [197/388] httpx/_models.py:58 (value_swap)
    Checking clean tests: /Users/akshankrithick/projects/httpx/.venv/bin/python -m pytest tests/models/test_whatwg.py -x
    SURVIVED -- mutation not detected
  [198/388] httpx/_models.py:63 (value_swap)
    SURVIVED -- mutation not detected
  [199/388] httpx/_models.py:64 (value_swap)
    SURVIVED -- mutation not detected
  [200/388] httpx/_models.py:71 (boolean_flip)
    SURVIVED -- mutation not detected
  [201/388] httpx/_models.py:78 (condition_inversion)
    SURVIVED -- mutation not detected
  [202/388] httpx/_models.py:80 (condition_inversion)
    SURVIVED -- mutation not detected
  [203/388] httpx/_models.py:82 (boolean_flip)
    SURVIVED -- mutation not detected
  [204/388] httpx/_models.py:98 (comparison_swap)
    SURVIVED -- mutation not detected
  [205/388] httpx/_models.py:112 (condition_inversion)
    SURVIVED -- mutation not detected
  [206/388] httpx/_models.py:114 (membership_swap)
    KILLED (rc=4)
  [207/388] httpx/_models.py:116 (constant_mutation)
    SURVIVED -- mutation not detected
  [208/388] httpx/_models.py:120 (membership_swap)
    KILLED (rc=4)
  [209/388] httpx/_models.py:133 (membership_swap)
    KILLED (rc=4)
  [210/388] httpx/_models.py:151 (condition_inversion)
    SURVIVED -- mutation not detected
  [211/388] httpx/_models.py:153 (condition_inversion)
    SURVIVED -- mutation not detected
  [212/388] httpx/_models.py:154 (membership_swap)
    KILLED (rc=4)
  [213/388] httpx/_models.py:158 (none_check_swap)
    SURVIVED -- mutation not detected
  [214/388] httpx/_models.py:159 (membership_swap)
    KILLED (rc=4)
  [215/388] httpx/_models.py:169 (constant_mutation)
    SURVIVED -- mutation not detected
  [216/388] httpx/_models.py:170 (boolean_flip)
    SURVIVED -- mutation not detected
  [217/388] httpx/_models.py:172 (none_check_swap)
    SURVIVED -- mutation not detected
  [218/388] httpx/_models.py:174 (membership_swap)
    KILLED (rc=4)
  [219/388] httpx/_models.py:200 (membership_swap)
    KILLED (rc=4)
  [220/388] httpx/_models.py:203 (membership_swap)
    KILLED (rc=4)
  [221/388] httpx/_models.py:207 (membership_swap)
    KILLED (rc=4)
  [222/388] httpx/_models.py:210 (membership_swap)
    SURVIVED -- mutation not detected
  [223/388] httpx/_models.py:222 (membership_swap)
    KILLED (rc=4)
  [224/388] httpx/_models.py:225 (membership_swap)
    SURVIVED -- mutation not detected
  [225/388] httpx/_models.py:239 (membership_swap)
    KILLED (rc=4)
  [226/388] httpx/_models.py:255 (value_swap)
    SURVIVED -- mutation not detected
  [227/388] httpx/_multipart.py:39 (constant_mutation)
    Checking clean tests: /Users/akshankrithick/projects/httpx/.venv/bin/python -m pytest tests/test_multipart.py -x
    KILLED (rc=1)
  [228/388] httpx/_multipart.py:49 (boolean_flip)
    SURVIVED -- mutation not detected
  [229/388] httpx/_multipart.py:52 (boolean_flip)
    KILLED (rc=1)
  [230/388] httpx/_multipart.py:59 (boolean_flip)
    KILLED (rc=1)
  [231/388] httpx/_multipart.py:64 (membership_swap)
    KILLED (rc=4)
  [232/388] httpx/_multipart.py:76 (condition_inversion)
    KILLED (rc=1)
  [233/388] httpx/_multipart.py:80 (none_check_swap)
    KILLED (rc=1)
  [234/388] httpx/_multipart.py:87 (condition_inversion)
    KILLED (rc=1)
  [235/388] httpx/_multipart.py:91 (condition_inversion)
    KILLED (rc=1)
  [236/388] httpx/_multipart.py:100 (condition_inversion)
    KILLED (rc=1)
  [237/388] httpx/_multipart.py:108 (arithmetic_swap)
    KILLED (rc=1)
  [238/388] httpx/_multipart.py:134 (condition_inversion)
    KILLED (rc=1)
  [239/388] httpx/_multipart.py:135 (comparison_swap)
    KILLED (rc=1)
  [240/388] httpx/_multipart.py:139 (comparison_swap)
    KILLED (rc=4)
  [241/388] httpx/_multipart.py:148 (none_check_swap)
    KILLED (rc=1)
  [242/388] httpx/_multipart.py:151 (membership_swap)
    KILLED (rc=4)
  [243/388] httpx/_multipart.py:152 (none_check_swap)
    KILLED (rc=1)
  [244/388] httpx/_multipart.py:158 (condition_inversion)
    KILLED (rc=1)
  [245/388] httpx/_multipart.py:162 (condition_inversion)
    KILLED (rc=1)
  [246/388] httpx/_multipart.py:174 (condition_inversion)
    KILLED (rc=1)
  [247/388] httpx/_multipart.py:175 (arithmetic_swap)
    KILLED (rc=1)
  [248/388] httpx/_multipart.py:181 (none_check_swap)
    KILLED (rc=1)
  [249/388] httpx/_multipart.py:184 (arithmetic_swap)
    KILLED (rc=1)
  [250/388] httpx/_multipart.py:187 (condition_inversion)
    KILLED (rc=1)
  [251/388] httpx/_multipart.py:195 (membership_swap)
    KILLED (rc=4)
  [252/388] httpx/_multipart.py:204 (condition_inversion)
    KILLED (rc=1)
  [253/388] httpx/_multipart.py:210 (constant_mutation)
    KILLED (rc=1)
  [254/388] httpx/_multipart.py:235 (none_check_swap)
    KILLED (rc=1)
  [255/388] httpx/_multipart.py:236 (constant_mutation)
    SURVIVED -- mutation not detected
  [256/388] httpx/_multipart.py:247 (membership_swap)
    KILLED (rc=4)
  [257/388] httpx/_status_codes.py:48 (value_swap)
    Checking clean tests: /Users/akshankrithick/projects/httpx/.venv/bin/python -m pytest tests/test_status_codes.py -x
    SURVIVED -- mutation not detected
  [258/388] httpx/_status_codes.py:50 (comparison_swap)
    SURVIVED -- mutation not detected
  [259/388] httpx/_status_codes.py:55 (value_swap)
    KILLED (rc=4)
  [260/388] httpx/_status_codes.py:57 (comparison_swap)
    SURVIVED -- mutation not detected
  [261/388] httpx/_status_codes.py:62 (value_swap)
    SURVIVED -- mutation not detected
  [262/388] httpx/_status_codes.py:64 (comparison_swap)
    SURVIVED -- mutation not detected
  [263/388] httpx/_status_codes.py:69 (value_swap)
    SURVIVED -- mutation not detected
  [264/388] httpx/_status_codes.py:71 (comparison_swap)
    KILLED (rc=4)
  [265/388] httpx/_status_codes.py:76 (value_swap)
    SURVIVED -- mutation not detected
  [266/388] httpx/_status_codes.py:78 (comparison_swap)
    SURVIVED -- mutation not detected
  [267/388] httpx/_status_codes.py:83 (boolean_flip)
    SURVIVED -- mutation not detected
  [268/388] httpx/_status_codes.py:85 (comparison_swap)
    SURVIVED -- mutation not detected
  [269/388] httpx/_transports/asgi.py:36 (comparison_swap)
    Checking clean tests: /Users/akshankrithick/projects/httpx/.venv/bin/python -m pytest tests/test_asgi.py -x
    KILLED (rc=1)
  [270/388] httpx/_transports/asgi.py:37 (value_swap)
    SURVIVED -- mutation not detected
  [271/388] httpx/_transports/asgi.py:41 (value_swap)
    KILLED (rc=1)
  [272/388] httpx/_transports/asgi.py:103 (condition_inversion)
    KILLED (rc=4)
  [273/388] httpx/_transports/asgi.py:114 (constant_mutation)
    KILLED (rc=1)
  [274/388] httpx/_transports/asgi.py:123 (value_swap)
    KILLED (rc=4)
  [275/388] httpx/_transports/asgi.py:129 (value_swap)
    KILLED (rc=1)
  [276/388] httpx/_transports/asgi.py:134 (comparison_swap)
    KILLED (rc=4)
  [277/388] httpx/_transports/asgi.py:144 (value_swap)
    KILLED (rc=1)
  [278/388] httpx/_transports/asgi.py:145 (value_swap)
    KILLED (rc=-1)
  [279/388] httpx/_transports/asgi.py:146 (value_swap)
    KILLED (rc=1)
  [280/388] httpx/_transports/asgi.py:148 (comparison_swap)
    KILLED (rc=4)
  [281/388] httpx/_transports/asgi.py:151 (comparison_swap)
    KILLED (rc=1)
  [282/388] httpx/_transports/asgi.py:152 (condition_inversion)
    KILLED (rc=1)
  [283/388] httpx/_transports/asgi.py:156 (value_swap)
    SURVIVED -- mutation not detected
  [284/388] httpx/_transports/asgi.py:158 (comparison_swap)
    KILLED (rc=1)
  [285/388] httpx/_transports/asgi.py:159 (condition_inversion)
    KILLED (rc=1)
  [286/388] httpx/_transports/asgi.py:161 (value_swap)
    KILLED (rc=1)
  [287/388] httpx/_transports/asgi.py:163 (comparison_swap)
    KILLED (rc=1)
  [288/388] httpx/_transports/asgi.py:166 (condition_inversion)
    KILLED (rc=1)
  [289/388] httpx/_transports/asgi.py:176 (none_check_swap)
    KILLED (rc=1)
  [290/388] httpx/_transports/asgi.py:177 (constant_mutation)
    KILLED (rc=1)
  [291/388] httpx/_transports/asgi.py:178 (none_check_swap)
    KILLED (rc=1)
  [292/388] httpx/_transports/asgi.py:182 (none_check_swap)
    KILLED (rc=1)
  [293/388] httpx/_transports/asgi.py:183 (none_check_swap)
    KILLED (rc=1)
  [294/388] httpx/_transports/default.py:98 (comparison_swap)
    Checking clean tests: /Users/akshankrithick/projects/httpx/.venv/bin/python -m pytest tests/models/test_headers.py -x
    SURVIVED -- mutation not detected
  [295/388] httpx/_transports/default.py:105 (membership_swap)
    KILLED (rc=4)
  [296/388] httpx/_transports/default.py:106 (condition_inversion)
    SURVIVED -- mutation not detected
  [297/388] httpx/_transports/default.py:111 (none_check_swap)
    SURVIVED -- mutation not detected
  [298/388] httpx/_transports/default.py:114 (none_check_swap)
    SURVIVED -- mutation not detected
  [299/388] httpx/_transports/default.py:127 (membership_swap)
    KILLED (rc=4)
  [300/388] httpx/_transports/default.py:152 (condition_inversion)
    SURVIVED -- mutation not detected
  [301/388] httpx/_transports/default.py:155 (none_check_swap)
    SURVIVED -- mutation not detected
  [302/388] httpx/_transports/default.py:234 (condition_inversion)
    SURVIVED -- mutation not detected
  [303/388] httpx/_transports/default.py:252 (condition_inversion)
    SURVIVED -- mutation not detected
  [304/388] httpx/_transports/default.py:271 (membership_swap)
    KILLED (rc=4)
  [305/388] httpx/_transports/default.py:296 (condition_inversion)
    SURVIVED -- mutation not detected
  [306/388] httpx/_transports/default.py:299 (none_check_swap)
    SURVIVED -- mutation not detected
  [307/388] httpx/_transports/default.py:378 (condition_inversion)
    SURVIVED -- mutation not detected
  [308/388] httpx/_transports/default.py:396 (condition_inversion)
    SURVIVED -- mutation not detected
  [309/388] httpx/_transports/mock.py:25 (condition_inversion)
    Checking clean tests: /Users/akshankrithick/projects/httpx/.venv/bin/python -m pytest tests/client/test_auth.py -x
    KILLED (rc=1)
  [310/388] httpx/_transports/mock.py:40 (condition_inversion)
    KILLED (rc=1)
  [311/388] httpx/_transports/wsgi.py:24 (membership_swap)
    Checking clean tests: /Users/akshankrithick/projects/httpx/.venv/bin/python -m pytest tests/test_wsgi.py -x
    KILLED (rc=4)
  [312/388] httpx/_transports/wsgi.py:27 (return_value_swap)
    KILLED (rc=1)
  [313/388] httpx/_transports/wsgi.py:36 (membership_swap)
    KILLED (rc=4)
  [314/388] httpx/_transports/wsgi.py:40 (none_check_swap)
    KILLED (rc=1)
  [315/388] httpx/_transports/wsgi.py:95 (boolean_flip)
    KILLED (rc=1)
  [316/388] httpx/_transports/wsgi.py:100 (boolean_flip)
    KILLED (rc=1)
  [317/388] httpx/_transports/wsgi.py:101 (value_swap)
    SURVIVED -- mutation not detected
  [318/388] httpx/_transports/wsgi.py:102 (value_swap)
    SURVIVED -- mutation not detected
  [319/388] httpx/_transports/wsgi.py:103 (value_swap)
    SURVIVED -- mutation not detected
  [320/388] httpx/_transports/wsgi.py:113 (membership_swap)
    KILLED (rc=4)
  [321/388] httpx/_transports/wsgi.py:115 (membership_swap)
    SURVIVED -- mutation not detected
  [322/388] httpx/_transports/wsgi.py:127 (comparison_swap)
    KILLED (rc=4)
  [323/388] httpx/_transports/wsgi.py:138 (none_check_swap)
    KILLED (rc=1)
  [324/388] httpx/_transports/wsgi.py:139 (none_check_swap)
    KILLED (rc=1)
  [325/388] httpx/_transports/wsgi.py:140 (boolean_flip)
    KILLED (rc=1)
  [326/388] httpx/_transports/wsgi.py:141 (constant_mutation)
    SURVIVED -- mutation not detected
  [327/388] httpx/_transports/wsgi.py:143 (constant_mutation)
    KILLED (rc=1)
  [328/388] httpx/_transports/wsgi.py:146 (membership_swap)
    KILLED (rc=4)
  [329/388] httpx/_urlparse.py:173 (none_check_swap)
    SURVIVED -- mutation not detected
  [330/388] httpx/_urlparse.py:182 (none_check_swap)
    SURVIVED -- mutation not detected
  [331/388] httpx/_urlparse.py:187 (condition_inversion)
    SURVIVED -- mutation not detected
  [332/388] httpx/_urlparse.py:207 (none_check_swap)
    SURVIVED -- mutation not detected
  [333/388] httpx/_urlparse.py:208 (none_check_swap)
    SURVIVED -- mutation not detected
  [334/388] httpx/_urlparse.py:218 (comparison_swap)
    SURVIVED -- mutation not detected
  [335/388] httpx/_urlparse.py:223 (boolean_flip)
    KILLED (rc=1)
  [336/388] httpx/_urlparse.py:224 (boolean_flip)
    SURVIVED -- mutation not detected
  [337/388] httpx/_urlparse.py:237 (condition_inversion)
    SURVIVED -- mutation not detected
  [338/388] httpx/_urlparse.py:241 (boolean_flip)
    SURVIVED -- mutation not detected
  [339/388] httpx/_urlparse.py:245 (boolean_flip)
    SURVIVED -- mutation not detected
  [340/388] httpx/_urlparse.py:246 (boolean_flip)
    SURVIVED -- mutation not detected
  [341/388] httpx/_urlparse.py:247 (boolean_flip)
    SURVIVED -- mutation not detected
  [342/388] httpx/_urlparse.py:252 (boolean_flip)
    SURVIVED -- mutation not detected
  [343/388] httpx/_urlparse.py:254 (condition_inversion)
    SURVIVED -- mutation not detected
  [344/388] httpx/_urlparse.py:259 (boolean_flip)
    SURVIVED -- mutation not detected
  [345/388] httpx/_urlparse.py:260 (boolean_flip)
    SURVIVED -- mutation not detected
  [346/388] httpx/_urlparse.py:266 (membership_swap)
    KILLED (rc=4)
  [347/388] httpx/_urlparse.py:267 (none_check_swap)
    SURVIVED -- mutation not detected
  [348/388] httpx/_urlparse.py:268 (comparison_swap)
    SURVIVED -- mutation not detected
  [349/388] httpx/_urlparse.py:273 (boolean_flip)
    SURVIVED -- mutation not detected
  [350/388] httpx/_urlparse.py:275 (boolean_flip)
    SURVIVED -- mutation not detected
  [351/388] httpx/_urlparse.py:285 (condition_inversion)
    SURVIVED -- mutation not detected
  [352/388] httpx/_urlparse.py:290 (none_check_swap)
    KILLED (rc=1)
  [353/388] httpx/_urlparse.py:298 (boolean_flip)
    KILLED (rc=1)
  [354/388] httpx/_urlparse.py:299 (boolean_flip)
    KILLED (rc=1)
  [355/388] httpx/_urlparse.py:300 (boolean_flip)
    KILLED (rc=1)
  [356/388] httpx/_urlparse.py:306 (none_check_swap)
    KILLED (rc=1)
  [357/388] httpx/_urlparse.py:311 (boolean_flip)
    KILLED (rc=1)
  [358/388] httpx/_urlparse.py:312 (boolean_flip)
    KILLED (rc=1)
  [359/388] httpx/_utils.py:21 (value_swap)
    Checking clean tests: /Users/akshankrithick/projects/httpx/.venv/bin/python -m pytest tests/test_utils.py -x
    SURVIVED -- mutation not detected
  [360/388] httpx/_utils.py:23 (value_swap)
    SURVIVED -- mutation not detected
  [361/388] httpx/_utils.py:25 (none_check_swap)
    SURVIVED -- mutation not detected
  [362/388] httpx/_utils.py:47 (membership_swap)
    KILLED (rc=4)
  [363/388] httpx/_utils.py:48 (membership_swap)
    KILLED (rc=4)
  [364/388] httpx/_utils.py:51 (comparison_swap)
    KILLED (rc=1)
  [365/388] httpx/_utils.py:56 (return_value_swap)
    SURVIVED -- mutation not detected
  [366/388] httpx/_utils.py:71 (comparison_swap)
    KILLED (rc=1)
  [367/388] httpx/_utils.py:80 (condition_inversion)
    SURVIVED -- mutation not detected
  [368/388] httpx/_utils.py:84 (condition_inversion)
    SURVIVED -- mutation not detected
  [369/388] httpx/_utils.py:88 (condition_inversion)
    SURVIVED -- mutation not detected
  [370/388] httpx/_utils.py:92 (comparison_swap)
    SURVIVED -- mutation not detected
  [371/388] httpx/_utils.py:97 (membership_swap)
    SURVIVED -- mutation not detected
  [372/388] httpx/_utils.py:111 (constant_mutation)
    SURVIVED -- mutation not detected
  [373/388] httpx/_utils.py:165 (boolean_flip)
    KILLED (rc=1)
  [374/388] httpx/_utils.py:174 (comparison_swap)
    KILLED (rc=1)
  [375/388] httpx/_utils.py:175 (comparison_swap)
    KILLED (rc=1)
  [376/388] httpx/_utils.py:177 (comparison_swap)
    KILLED (rc=1)
  [377/388] httpx/_utils.py:181 (constant_mutation)
    SURVIVED -- mutation not detected
  [378/388] httpx/_utils.py:185 (constant_mutation)
    SURVIVED -- mutation not detected
  [379/388] httpx/_utils.py:193 (comparison_swap)
    KILLED (rc=1)
  [380/388] httpx/_utils.py:194 (value_swap)
    KILLED (rc=1)
  [381/388] httpx/_utils.py:197 (none_check_swap)
    KILLED (rc=1)
  [382/388] httpx/_utils.py:198 (boolean_flip)
    KILLED (rc=1)
  [383/388] httpx/_utils.py:200 (value_swap)
    KILLED (rc=1)
  [384/388] httpx/_utils.py:201 (none_check_swap)
    KILLED (rc=1)
  [385/388] httpx/_utils.py:202 (value_swap)
    KILLED (rc=1)
  [386/388] httpx/_utils.py:203 (value_swap)
    KILLED (rc=1)
  [387/388] httpx/_utils.py:212 (none_check_swap)
    KILLED (rc=1)
  [388/388] httpx/_utils.py:223 (comparison_swap)
    SURVIVED -- mutation not detected

Mutation testing complete in 251.6s
  Killed:   210
  Survived: 152
  Skipped:  26
  Kill rate: 58.0%

Filtered to 210 killed mutations

Results written to paper/experiments/httpx_killed.json
